{
"contracts/RewardsManager.sol":{"l":{"39":6,"40":4,"42":4,"43":4,"44":4,"50":6,"56":1,"61":6,"63":6,"64":4,"65":2,"67":2,"75":8,"76":4,"78":4,"80":4,"81":2,"83":2,"89":7,"91":7},"path":"/home/pavel/projects/maddevs/lido/code/lido/contracts/RewardsManager.sol","s":{"1":6,"2":4,"3":4,"4":4,"5":4,"6":6,"7":1,"8":6,"9":6,"10":4,"11":2,"12":2,"13":8,"14":4,"15":4,"16":4,"17":2,"18":2,"19":7,"20":7},"b":{"1":[4,2],"2":[4,0],"3":[4,2],"4":[2,2],"5":[2,0],"6":[4,4],"7":[4,0],"8":[2,2],"9":[2,0]},"f":{"1":6,"2":6,"3":1,"4":6,"5":8,"6":7},"fnMap":{"1":{"name":"constructor","line":38,"loc":{"start":{"line":38,"column":4},"end":{"line":45,"column":4}}},"2":{"name":"is_reward_period_finished","line":49,"loc":{"start":{"line":49,"column":4},"end":{"line":51,"column":4}}},"3":{"name":"out_of_funding_date","line":55,"loc":{"start":{"line":55,"column":4},"end":{"line":57,"column":4}}},"4":{"name":"start_next_rewards_period","line":60,"loc":{"start":{"line":60,"column":4},"end":{"line":68,"column":4}}},"5":{"name":"recover_erc20","line":74,"loc":{"start":{"line":74,"column":4},"end":{"line":84,"column":4}}},"6":{"name":"_getPeriodFinish","line":88,"loc":{"start":{"line":88,"column":4},"end":{"line":92,"column":4}}}},"statementMap":{"1":{"start":{"line":39,"column":8},"end":{"line":39,"column":82}},"2":{"start":{"line":40,"column":8},"end":{"line":40,"column":74}},"3":{"start":{"line":42,"column":8},"end":{"line":42,"column":29}},"4":{"start":{"line":43,"column":8},"end":{"line":43,"column":41}},"5":{"start":{"line":44,"column":8},"end":{"line":44,"column":33}},"6":{"start":{"line":50,"column":8},"end":{"line":50,"column":52}},"7":{"start":{"line":56,"column":8},"end":{"line":56,"column":33}},"8":{"start":{"line":61,"column":8},"end":{"line":61,"column":66}},"9":{"start":{"line":63,"column":8},"end":{"line":63,"column":48}},"10":{"start":{"line":64,"column":8},"end":{"line":64,"column":74}},"11":{"start":{"line":65,"column":8},"end":{"line":65,"column":105}},"12":{"start":{"line":67,"column":8},"end":{"line":67,"column":77}},"13":{"start":{"line":75,"column":8},"end":{"line":75,"column":65}},"14":{"start":{"line":76,"column":8},"end":{"line":76,"column":66}},"15":{"start":{"line":78,"column":8},"end":{"line":78,"column":69}},"16":{"start":{"line":80,"column":8},"end":{"line":80,"column":53}},"17":{"start":{"line":81,"column":8},"end":{"line":81,"column":96}},"18":{"start":{"line":83,"column":8},"end":{"line":83,"column":68}},"19":{"start":{"line":89,"column":8},"end":{"line":89,"column":94}},"20":{"start":{"line":91,"column":8},"end":{"line":91,"column":28}}},"branchMap":{"1":{"line":39,"type":"if","locations":[{"start":{"line":39,"column":8},"end":{"line":39,"column":8}},{"start":{"line":39,"column":8},"end":{"line":39,"column":8}}]},"2":{"line":40,"type":"if","locations":[{"start":{"line":40,"column":8},"end":{"line":40,"column":8}},{"start":{"line":40,"column":8},"end":{"line":40,"column":8}}]},"3":{"line":63,"type":"if","locations":[{"start":{"line":63,"column":8},"end":{"line":63,"column":8}},{"start":{"line":63,"column":8},"end":{"line":63,"column":8}}]},"4":{"line":64,"type":"if","locations":[{"start":{"line":64,"column":8},"end":{"line":64,"column":8}},{"start":{"line":64,"column":8},"end":{"line":64,"column":8}}]},"5":{"line":65,"type":"if","locations":[{"start":{"line":65,"column":8},"end":{"line":65,"column":8}},{"start":{"line":65,"column":8},"end":{"line":65,"column":8}}]},"6":{"line":75,"type":"if","locations":[{"start":{"line":75,"column":8},"end":{"line":75,"column":8}},{"start":{"line":75,"column":8},"end":{"line":75,"column":8}}]},"7":{"line":76,"type":"if","locations":[{"start":{"line":76,"column":8},"end":{"line":76,"column":8}},{"start":{"line":76,"column":8},"end":{"line":76,"column":8}}]},"8":{"line":80,"type":"if","locations":[{"start":{"line":80,"column":8},"end":{"line":80,"column":8}},{"start":{"line":80,"column":8},"end":{"line":80,"column":8}}]},"9":{"line":81,"type":"if","locations":[{"start":{"line":81,"column":8},"end":{"line":81,"column":8}},{"start":{"line":81,"column":8},"end":{"line":81,"column":8}}]}}}}
