TN:
SF:/home/pavel/projects/maddevs/lido/code/lido/contracts/RewardsManager.sol
FN:38,constructor
FN:49,is_reward_period_finished
FN:55,out_of_funding_date
FN:60,start_next_rewards_period
FN:74,recover_erc20
FN:88,_getPeriodFinish
FNF:6
FNH:6
FNDA:6,constructor
FNDA:6,is_reward_period_finished
FNDA:1,out_of_funding_date
FNDA:6,start_next_rewards_period
FNDA:8,recover_erc20
FNDA:7,_getPeriodFinish
DA:39,6
DA:40,4
DA:42,4
DA:43,4
DA:44,4
DA:50,6
DA:56,1
DA:61,6
DA:63,6
DA:64,4
DA:65,2
DA:67,2
DA:75,8
DA:76,4
DA:78,4
DA:80,4
DA:81,2
DA:83,2
DA:89,7
DA:91,7
LF:20
LH:20
BRDA:39,1,0,4
BRDA:39,1,1,2
BRDA:40,2,0,4
BRDA:40,2,1,0
BRDA:63,3,0,4
BRDA:63,3,1,2
BRDA:64,4,0,2
BRDA:64,4,1,2
BRDA:65,5,0,2
BRDA:65,5,1,0
BRDA:75,6,0,4
BRDA:75,6,1,4
BRDA:76,7,0,4
BRDA:76,7,1,0
BRDA:80,8,0,2
BRDA:80,8,1,2
BRDA:81,9,0,2
BRDA:81,9,1,0
BRF:18
BRH:14
end_of_record
